{
  "stats": {
    "suites": 1,
    "tests": 2,
    "passes": 1,
    "pending": 0,
    "failures": 1,
    "start": "2022-07-29T11:34:09.318Z",
    "end": "2022-07-29T11:34:15.711Z",
    "duration": 6393,
    "testsRegistered": 2,
    "passPercent": 50,
    "pendingPercent": 0,
    "other": 0,
    "hasOther": false,
    "skipped": 0,
    "hasSkipped": false
  },
  "results": [
    {
      "uuid": "89916ad8-38d9-4eb2-afc8-a6f677d0f022",
      "title": "",
      "fullFile": "cypress\\e2e\\registration.cy.js",
      "file": "cypress\\e2e\\registration.cy.js",
      "beforeHooks": [],
      "afterHooks": [],
      "tests": [],
      "suites": [
        {
          "uuid": "e92dedff-bc26-46d3-b153-a0003a044e01",
          "title": "Do stuff on one site then visit another and check it worked",
          "fullFile": "",
          "file": "",
          "beforeHooks": [],
          "afterHooks": [],
          "tests": [
            {
              "title": "Tercant page visit",
              "fullTitle": "Do stuff on one site then visit another and check it worked Tercant page visit",
              "timedOut": null,
              "duration": 2057,
              "state": "passed",
              "speed": "fast",
              "pass": true,
              "fail": false,
              "pending": false,
              "context": null,
              "code": "registrationpage.navigate('https://stg.tercant.com/');",
              "err": {},
              "uuid": "b156fa70-0415-4ada-afc3-7f8719997a01",
              "parentUUID": "e92dedff-bc26-46d3-b153-a0003a044e01",
              "isHook": false,
              "skipped": false
            },
            {
              "title": "Tercant registration page testing",
              "fullTitle": "Do stuff on one site then visit another and check it worked Tercant registration page testing",
              "timedOut": null,
              "duration": 699,
              "state": "failed",
              "speed": null,
              "pass": false,
              "fail": true,
              "pending": false,
              "context": null,
              "code": "registrationpage.clickCreateyourorganizationbutton();\nregistrationpage.enterYourfirstname('Soumi');\nregistrationpage.enterYourlastname('Roy');\nregistrationpage.enterWorkemail('yuddjjjyzfgtl@arxxwalls.com');\nregistrationpage.enterCompanyname('ABCD');\nregistrationpage.enterDesignation('Software Developer');\nregistrationpage.enterChoosepassword('Abcd@12345');\nregistrationpage.enterConfirmpassword('Abcd@12345');\nregistrationpage.clickThecheckbox();\nregistrationpage.clickAgreeandstartbutton(); // registrationpage.navigate('https://stg.tercant.com/');\n// registrationpage.enterVerificationcode();\n// registrationpage.clickValidateotp();",
              "err": {
                "message": "TypeError: cy.get(...).type(...).paste is not a function",
                "estack": "TypeError: cy.get(...).type(...).paste is not a function\n    at Registrationpage.enterWorkemail (https://stg.tercant.com/__cypress/tests?p=cypress\\e2e\\registration.cy.js:171:69)\n    at Context.eval (https://stg.tercant.com/__cypress/tests?p=cypress\\e2e\\registration.cy.js:114:22)",
                "diff": null
              },
              "uuid": "27805d19-03eb-4ddf-91c5-bdab09e8188f",
              "parentUUID": "e92dedff-bc26-46d3-b153-a0003a044e01",
              "isHook": false,
              "skipped": false
            }
          ],
          "suites": [],
          "passes": [
            "b156fa70-0415-4ada-afc3-7f8719997a01"
          ],
          "failures": [
            "27805d19-03eb-4ddf-91c5-bdab09e8188f"
          ],
          "pending": [],
          "skipped": [],
          "duration": 2756,
          "root": false,
          "rootEmpty": false,
          "_timeout": 2000
        }
      ],
      "passes": [],
      "failures": [],
      "pending": [],
      "skipped": [],
      "duration": 0,
      "root": true,
      "rootEmpty": true,
      "_timeout": 2000
    }
  ],
  "meta": {
    "mocha": {
      "version": "7.0.1"
    },
    "mochawesome": {
      "options": {
        "quiet": false,
        "reportFilename": "mochawesome",
        "saveHtml": false,
        "saveJson": true,
        "consoleReporter": "spec",
        "useInlineDiffs": false,
        "code": true
      },
      "version": "7.1.3"
    },
    "marge": {
      "options": {
        "overwrite": false,
        "html": false,
        "json": true,
        "trashAssetsBeforeRuns": true,
        "screenshotOnRunFailure": true,
        "screenshotsFolder": "cypress/screenshots"
      },
      "version": "6.2.0"
    }
  }
}