{
  "stats": {
    "suites": 1,
    "tests": 2,
    "passes": 2,
    "pending": 0,
    "failures": 0,
    "start": "2022-07-29T11:30:05.601Z",
    "end": "2022-07-29T11:30:18.117Z",
    "duration": 12516,
    "testsRegistered": 2,
    "passPercent": 100,
    "pendingPercent": 0,
    "other": 0,
    "hasOther": false,
    "skipped": 0,
    "hasSkipped": false
  },
  "results": [
    {
      "uuid": "dd9074cb-63c0-4ac5-a106-1d358ae2e02b",
      "title": "",
      "fullFile": "cypress\\e2e\\registration.cy.js",
      "file": "cypress\\e2e\\registration.cy.js",
      "beforeHooks": [],
      "afterHooks": [],
      "tests": [],
      "suites": [
        {
          "uuid": "2b0466b6-5c59-46e3-880c-42c9c3718d3e",
          "title": "Do stuff on one site then visit another and check it worked",
          "fullFile": "",
          "file": "",
          "beforeHooks": [],
          "afterHooks": [],
          "tests": [
            {
              "title": "Tercant page visit",
              "fullTitle": "Do stuff on one site then visit another and check it worked Tercant page visit",
              "timedOut": null,
              "duration": 2144,
              "state": "passed",
              "speed": "fast",
              "pass": true,
              "fail": false,
              "pending": false,
              "context": null,
              "code": "registrationpage.navigate('https://stg.tercant.com/');",
              "err": {},
              "uuid": "0028eea8-52bd-4218-8cba-65e0d1043d40",
              "parentUUID": "2b0466b6-5c59-46e3-880c-42c9c3718d3e",
              "isHook": false,
              "skipped": false
            },
            {
              "title": "Tercant registration page testing",
              "fullTitle": "Do stuff on one site then visit another and check it worked Tercant registration page testing",
              "timedOut": null,
              "duration": 5603,
              "state": "passed",
              "speed": "medium",
              "pass": true,
              "fail": false,
              "pending": false,
              "context": null,
              "code": "registrationpage.clickCreateyourorganizationbutton();\nregistrationpage.enterYourfirstname('Soumi');\nregistrationpage.enterYourlastname('Roy');\nregistrationpage.enterWorkemail('yuddjjjyzfgtl@arxxwalls.com');\nregistrationpage.enterCompanyname('ABCD');\nregistrationpage.enterDesignation('Software Developer');\nregistrationpage.enterChoosepassword('Abcd@12345');\nregistrationpage.enterConfirmpassword('Abcd@12345');\nregistrationpage.clickThecheckbox();\nregistrationpage.clickAgreeandstartbutton(); // registrationpage.navigate('https://stg.tercant.com/');\n// registrationpage.enterVerificationcode();\n// registrationpage.clickValidateotp();",
              "err": {},
              "uuid": "46704fa1-25f3-4dfc-b54f-15f96a07b08f",
              "parentUUID": "2b0466b6-5c59-46e3-880c-42c9c3718d3e",
              "isHook": false,
              "skipped": false
            }
          ],
          "suites": [],
          "passes": [
            "0028eea8-52bd-4218-8cba-65e0d1043d40",
            "46704fa1-25f3-4dfc-b54f-15f96a07b08f"
          ],
          "failures": [],
          "pending": [],
          "skipped": [],
          "duration": 7747,
          "root": false,
          "rootEmpty": false,
          "_timeout": 2000
        }
      ],
      "passes": [],
      "failures": [],
      "pending": [],
      "skipped": [],
      "duration": 0,
      "root": true,
      "rootEmpty": true,
      "_timeout": 2000
    }
  ],
  "meta": {
    "mocha": {
      "version": "7.0.1"
    },
    "mochawesome": {
      "options": {
        "quiet": false,
        "reportFilename": "mochawesome",
        "saveHtml": false,
        "saveJson": true,
        "consoleReporter": "spec",
        "useInlineDiffs": false,
        "code": true
      },
      "version": "7.1.3"
    },
    "marge": {
      "options": {
        "overwrite": false,
        "html": false,
        "json": true,
        "trashAssetsBeforeRuns": true,
        "screenshotOnRunFailure": true
      },
      "version": "6.2.0"
    }
  }
}